[01:25:14] [ServerMain/INFO]: [bootstrap] Running Java 21 (OpenJDK 64-Bit Server VM 21.0.8+9-Ubuntu-0ubuntu124.04.1; Ubuntu null) on Linux 6.8.0-1030-azure (amd64)
[01:25:14] [ServerMain/INFO]: [bootstrap] Loading Paper 1.21.7-17-main@b4466ec (2025-07-06T18:59:07Z) for Minecraft 1.21.7
[01:25:14] [ServerMain/INFO]: [PluginInitializerManager] Initializing plugins...
[01:25:14] [ServerMain/INFO]: [PluginInitializerManager] Initialized 0 plugins
[01:25:20] [ServerMain/INFO]: Environment: Environment[sessionHost=https://sessionserver.mojang.com, servicesHost=https://api.minecraftservices.com, name=PROD]
[01:25:22] [ServerMain/INFO]: Loaded 1407 recipes
[01:25:22] [ServerMain/INFO]: Loaded 1520 advancements
[01:25:22] [ServerMain/INFO]: [ca.spottedleaf.dataconverter.minecraft.datatypes.MCTypeRegistry] Initialising converters for DataConverter...
[01:25:22] [ServerMain/INFO]: [ca.spottedleaf.dataconverter.minecraft.datatypes.MCTypeRegistry] Finished initialising converters for DataConverter in 371.1ms
[01:25:22] [Server thread/INFO]: Starting minecraft server version 1.21.7
[01:25:22] [Server thread/INFO]: Loading properties
[01:25:22] [Server thread/INFO]: This server is running Paper version 1.21.7-17-main@b4466ec (2025-07-06T18:59:07Z) (Implementing API version 1.21.7-R0.1-SNAPSHOT)
[01:25:22] [Server thread/INFO]: [spark] This server bundles the spark profiler. For more information please visit https://docs.papermc.io/paper/profiling
[01:25:22] [Server thread/INFO]: Server Ping Player Sample Count: 12
[01:25:22] [Server thread/INFO]: Using 4 threads for Netty based IO
[01:25:23] [Server thread/INFO]: [MoonriseCommon] Paper is using 1 worker threads, 1 I/O threads
[01:25:23] [Server thread/INFO]: [ChunkTaskScheduler] Chunk system is using population gen parallelism: true
[01:25:24] [Server thread/INFO]: Default game type: SURVIVAL
[01:25:24] [Server thread/INFO]: Generating keypair
[01:25:24] [Server thread/INFO]: Starting Minecraft server on *:25565
[01:25:24] [Server thread/INFO]: Using epoll channel type
[01:25:24] [Server thread/INFO]: Paper: Using libdeflate (Linux x86_64) compression from Velocity.
[01:25:24] [Server thread/INFO]: Paper: Using OpenSSL 3.x.x (Linux x86_64) cipher from Velocity.
[01:25:24] [Server thread/INFO]: Server permissions file permissions.yml is empty, ignoring it
[01:25:24] [Server thread/WARN]: **** SERVER IS RUNNING IN OFFLINE/INSECURE MODE!
[01:25:24] [Server thread/WARN]: The server will make no attempt to authenticate usernames. Beware.
[01:25:24] [Server thread/WARN]: While this makes the game possible to play without internet access, it also opens up the ability for hackers to connect with any username they choose.
[01:25:24] [Server thread/WARN]: To change this, set "online-mode" to "true" in the server.properties file.
[01:25:24] [Server thread/INFO]: Preparing level "world"
[01:25:24] [Server thread/INFO]: Preparing start region for dimension minecraft:overworld
[01:25:24] [Server thread/INFO]: Preparing spawn area: 0%
[01:25:25] [Server thread/INFO]: Preparing spawn area: 18%
[01:25:25] [Server thread/INFO]: Time elapsed: 949 ms
[01:25:25] [Server thread/INFO]: Preparing start region for dimension minecraft:the_nether
[01:25:25] [Server thread/INFO]: Preparing spawn area: 0%
[01:25:25] [Server thread/INFO]: Time elapsed: 240 ms
[01:25:25] [Server thread/INFO]: Preparing start region for dimension minecraft:the_end
[01:25:26] [Server thread/INFO]: Preparing spawn area: 0%
[01:25:26] [Server thread/INFO]: Time elapsed: 132 ms
[01:25:26] [Server thread/INFO]: [spark] Starting background profiler...
[01:25:26] [Server thread/INFO]: Done preparing level "world" (2.389s)
[01:25:26] [Server thread/INFO]: Running delayed init tasks
[01:25:26] [Server thread/INFO]: Done (13.405s)! For help, type "help"
[01:26:05] [User Authenticator #0/INFO]: UUID of player Veaixq_ is 78581146-c1e0-3875-b660-e6d73188cdce
[01:26:08] [Server thread/INFO]: Veaixq_ joined the game
[01:26:08] [Server thread/INFO]: Veaixq_[/127.10.127.218:51527] logged in with entity id 31 at ([world]-1549.0036538034624, 59.0, 753.9048333114561)
[01:32:51] [Server thread/INFO]: Veaixq_ lost connection: Disconnected
[01:32:51] [Server thread/INFO]: Veaixq_ left the game
